[debug] [2021-08-05T18:40:39.537Z] ----------------------------------------------------------------------
[debug] [2021-08-05T18:40:39.539Z] Command:       C:\Program Files\nodejs\node.exe C:\Users\Acer\AppData\Roaming\npm\node_modules\firebase-tools\lib\bin\firebase.js init
[debug] [2021-08-05T18:40:39.539Z] CLI Version:   9.16.0
[debug] [2021-08-05T18:40:39.539Z] Platform:      win32
[debug] [2021-08-05T18:40:39.540Z] Node Version:  v14.16.0
[debug] [2021-08-05T18:40:39.541Z] Time:          Fri Aug 06 2021 00:10:39 GMT+0530 (India Standard Time)
[debug] [2021-08-05T18:40:39.541Z] ----------------------------------------------------------------------
[debug] 
[debug] [2021-08-05T18:40:39.548Z] > command requires scopes: ["email","openid","https://www.googleapis.com/auth/cloudplatformprojects.readonly","https://www.googleapis.com/auth/firebase","https://www.googleapis.com/auth/cloud-platform"]
[debug] [2021-08-05T18:40:39.548Z] > authorizing via signed-in user (shivjhawar64@gmail.com)
[info] 
     ######## #### ########  ######## ########     ###     ######  ########
     ##        ##  ##     ## ##       ##     ##  ##   ##  ##       ##
     ######    ##  ########  ######   ########  #########  ######  ######
     ##        ##  ##    ##  ##       ##     ## ##     ##       ## ##
     ##       #### ##     ## ######## ########  ##     ##  ######  ########

You're about to initialize a Firebase project in this directory:

  C:\Users\Acer\OneDrive\Desktop\Dizney-Plus-Clone\disney-plus-clone

[info] 
=== Project Setup
[info] 
[info] First, let's associate this project directory with a Firebase project.
[info] You can create multiple project aliases by running firebase use --add, 
[info] but for now we'll just set up a default project.
[info] 
[debug] [2021-08-05T18:41:01.756Z] >>> [apiv2][query] GET https://firebase.googleapis.com/v1beta1/projects pageSize=100
[debug] [2021-08-05T18:41:02.498Z] <<< [apiv2][status] GET https://firebase.googleapis.com/v1beta1/projects 200
[debug] [2021-08-05T18:41:02.498Z] <<< [apiv2][body] GET https://firebase.googleapis.com/v1beta1/projects [omitted]
